userB SUCCESS
userA SUCCESS
userC SUCCESS
userA SUCCESS
userC SUCCESS
userA FAILURE
userC SUCCESS
userC FAILURE
userC SUCCESS
userC SUCCESS
userA SUCCESS
userA SUCCESS
userB FAILURE
userB FAILURE
userB FAILURE
userA FAILURE
userA SUCCESS
userB SUCCESS
userC SUCCESS
userA SUCCESS
userA FAILURE
userA SUCCESS
userB SUCCESS
userB SUCCESS
userB FAILURE
userC SUCCESS
userC FAILURE
userA SUCCESS
userA SUCCESS
userA SUCCESS
userB FAILURE
userB FAILURE
userB FAILURE
userB SUCCESS
userC SUCCESS
userA SUCCESS
userB SUCCESS
userB SUCCESS
userC SUCCESS
userA FAILURE
userC SUCCESS
userC SUCCESS
userC FAILURE
userA FAILURE
userC SUCCESS
userB FAILURE
userB FAILURE
userB FAILURE
userA FAILURE
userC SUCCESS
userB FAILURE
userA SUCCESS
userB SUCCESS
userC FAILURE
userB SUCCESS
userA SUCCESS
userA SUCCESS
userB SUCCESS
userA FAILURE
userB FAILURE
userC FAILURE
userB FAILURE
userA SUCCESS
userC SUCCESS
userA SUCCESS
userB SUCCESS
userC SUCCESS
userB SUCCESS
userC SUCCESS
userB FAILURE
userA SUCCESS
userA SUCCESS
userA SUCCESS
userC SUCCESS
userC FAILURE
userA FAILURE
userB SUCCESS
userC SUCCESS
userB FAILURE
userB SUCCESS
userC SUCCESS
userA SUCCESS
userC SUCCESS
userA SUCCESS
userA SUCCESS
userA SUCCESS
userC FAILURE
userA FAILURE
userC FAILURE
userC SUCCESS
userA FAILURE
userC SUCCESS
userB FAILURE
userB FAILURE
userB FAILURE
userB FAILURE
userC FAILURE
userC FAILURE
userC SUCCESS
userC SUCCESS
userC FAILURE
userA FAILURE
userC SUCCESS
userB SUCCESS
userB FAILURE
userC SUCCESS
userC SUCCESS
userB SUCCESS