2025-11-26T12:55:00.449293 | user:dev2 | action:DELETE | key:BUFFER_SIZE
2025-11-26T12:55:00.449306 | user:admin | action:CREATE | key:MAX_RETRIES
2025-11-26T12:55:00.449312 | user:manager | action:DELETE | key:TIMEOUT
2025-11-26T12:55:00.449317 | user:dev2 | action:UPDATE | key:MAX_RETRIES
2025-11-26T12:55:00.449321 | user:dev2 | action:DELETE | key:BUFFER_SIZE
2025-11-26T12:55:00.449325 | user:dev2 | action:CREATE | key:TIMEOUT
2025-11-26T12:55:00.449328 | user:dev1 | action:UPDATE | key:LOG_LEVEL
2025-11-26T12:55:00.449332 | user:admin | action:UPDATE | key:TIMEOUT
2025-11-26T12:55:00.449336 | user:admin | action:DELETE | key:MAX_RETRIES
2025-11-26T12:55:00.449340 | user:manager | action:CREATE | key:LOG_LEVEL
2025-11-26T12:55:00.449343 | user:dev2 | action:UPDATE | key:BUFFER_SIZE
2025-11-26T12:55:00.449347 | user:dev2 | action:DELETE | key:BUFFER_SIZE
2025-11-26T12:55:00.449350 | user:admin | action:UPDATE | key:MAX_RETRIES
2025-11-26T12:55:00.449354 | user:dev1 | action:DELETE | key:TIMEOUT
2025-11-26T12:55:00.449358 | user:admin | action:CREATE | key:LOG_LEVEL
2025-11-26T12:55:00.449361 | user:manager | action:CREATE | key:LOG_LEVEL
2025-11-26T12:55:00.449365 | user:manager | action:CREATE | key:MAX_RETRIES
2025-11-26T12:55:00.449368 | user:admin | action:CREATE | key:LOG_LEVEL
2025-11-26T12:55:00.449372 | user:admin | action:CREATE | key:LOG_LEVEL
2025-11-26T12:55:00.449376 | user:dev2 | action:UPDATE | key:MAX_RETRIES
2025-11-26T12:55:00.449379 | user:manager | action:DELETE | key:TIMEOUT
2025-11-26T12:55:00.449383 | user:admin | action:UPDATE | key:BUFFER_SIZE
2025-11-26T12:55:00.449387 | user:dev1 | action:UPDATE | key:BUFFER_SIZE
2025-11-26T12:55:00.449390 | user:dev2 | action:CREATE | key:TIMEOUT
2025-11-26T12:55:00.449394 | user:admin | action:CREATE | key:LOG_LEVEL
2025-11-26T12:55:00.449397 | user:dev1 | action:UPDATE | key:LOG_LEVEL
2025-11-26T12:55:00.449401 | user:dev1 | action:DELETE | key:BUFFER_SIZE
2025-11-26T12:55:00.449405 | user:admin | action:CREATE | key:TIMEOUT
2025-11-26T12:55:00.449408 | user:manager | action:UPDATE | key:LOG_LEVEL
2025-11-26T12:55:00.449412 | user:admin | action:CREATE | key:LOG_LEVEL
2025-11-26T12:55:00.449415 | user:manager | action:DELETE | key:LOG_LEVEL
2025-11-26T12:55:00.449419 | user:dev2 | action:UPDATE | key:LOG_LEVEL
2025-11-26T12:55:00.449422 | user:admin | action:CREATE | key:MAX_RETRIES
2025-11-26T12:55:00.449426 | user:manager | action:DELETE | key:BUFFER_SIZE
2025-11-26T12:55:00.449439 | user:admin | action:CREATE | key:TIMEOUT
2025-11-26T12:55:00.449443 | user:dev1 | action:CREATE | key:LOG_LEVEL
2025-11-26T12:55:00.449446 | user:admin | action:CREATE | key:BUFFER_SIZE
2025-11-26T12:55:00.449450 | user:dev2 | action:UPDATE | key:BUFFER_SIZE
2025-11-26T12:55:00.449454 | user:dev1 | action:UPDATE | key:TIMEOUT
2025-11-26T12:55:00.449457 | user:dev1 | action:CREATE | key:BUFFER_SIZE
2025-11-26T12:55:00.449461 | user:dev1 | action:UPDATE | key:TIMEOUT
2025-11-26T12:55:00.449465 | user:dev1 | action:CREATE | key:MAX_RETRIES
2025-11-26T12:55:00.449468 | user:dev1 | action:DELETE | key:MAX_RETRIES
2025-11-26T12:55:00.449472 | user:admin | action:UPDATE | key:LOG_LEVEL
2025-11-26T12:55:00.449476 | user:manager | action:DELETE | key:LOG_LEVEL
2025-11-26T12:55:00.449479 | user:dev2 | action:DELETE | key:BUFFER_SIZE
2025-11-26T12:55:00.449483 | user:dev1 | action:CREATE | key:TIMEOUT
2025-11-26T12:55:00.449487 | user:manager | action:CREATE | key:BUFFER_SIZE
2025-11-26T12:55:00.449490 | user:dev2 | action:DELETE | key:TIMEOUT
2025-11-26T12:55:00.449494 | user:dev2 | action:DELETE | key:TIMEOUT