2025-11-26T12:55:00.448480,9747
2025-11-26T12:55:00.448491,5404
2025-11-26T12:55:00.448495,358
2025-11-26T12:55:00.448498,2954
2025-11-26T12:55:00.448501,4447
2025-11-26T12:55:00.448504,958
2025-11-26T12:55:00.448507,2176
2025-11-26T12:55:00.448510,6997
2025-11-26T12:55:00.448513,8719
2025-11-26T12:55:00.448516,1962
2025-11-26T12:55:00.448519,1141
2025-11-26T12:55:00.448522,7902
2025-11-26T12:55:00.448525,7444
2025-11-26T12:55:00.448527,6031
2025-11-26T12:55:00.448530,8508
2025-11-26T12:55:00.448533,9826
2025-11-26T12:55:00.448536,1886
2025-11-26T12:55:00.448539,7505
2025-11-26T12:55:00.448541,8354
2025-11-26T12:55:00.448544,3729
2025-11-26T12:55:00.448547,810
2025-11-26T12:55:00.448550,8643
2025-11-26T12:55:00.448553,5041
2025-11-26T12:55:00.448556,7604
2025-11-26T12:55:00.448558,610
2025-11-26T12:55:00.448562,1096
2025-11-26T12:55:00.448564,7947
2025-11-26T12:55:00.448567,6680
2025-11-26T12:55:00.448570,7084
2025-11-26T12:55:00.448573,1868
2025-11-26T12:55:00.448575,8132
2025-11-26T12:55:00.448578,7367
2025-11-26T12:55:00.448581,1304
2025-11-26T12:55:00.448584,1423
2025-11-26T12:55:00.448587,5377
2025-11-26T12:55:00.448590,2530
2025-11-26T12:55:00.448618,1176
2025-11-26T12:55:00.448621,2167
2025-11-26T12:55:00.448624,4605
2025-11-26T12:55:00.448627,9690
2025-11-26T12:55:00.448629,9084
2025-11-26T12:55:00.448633,5427
2025-11-26T12:55:00.448635,6340
2025-11-26T12:55:00.448638,9887
2025-11-26T12:55:00.448641,8792
2025-11-26T12:55:00.448644,4931
2025-11-26T12:55:00.448646,7533
2025-11-26T12:55:00.448649,8382
2025-11-26T12:55:00.448652,7148
2025-11-26T12:55:00.448689,1724