2025-11-26T12:55:00.448695,1974
2025-11-26T12:55:00.448700,9133
2025-11-26T12:55:00.448704,3622
2025-11-26T12:55:00.448707,7146
2025-11-26T12:55:00.448710,7498
2025-11-26T12:55:00.448713,3843
2025-11-26T12:55:00.448716,6879
2025-11-26T12:55:00.448718,5653
2025-11-26T12:55:00.448721,7530
2025-11-26T12:55:00.448724,6632
2025-11-26T12:55:00.448727,6915
2025-11-26T12:55:00.448730,1657
2025-11-26T12:55:00.448732,5220
2025-11-26T12:55:00.448735,7092
2025-11-26T12:55:00.448738,5220
2025-11-26T12:55:00.448741,4276
2025-11-26T12:55:00.448743,6232
2025-11-26T12:55:00.448746,2600
2025-11-26T12:55:00.448749,7870
2025-11-26T12:55:00.448752,1199
2025-11-26T12:55:00.448755,1594
2025-11-26T12:55:00.448757,1498
2025-11-26T12:55:00.448760,1627
2025-11-26T12:55:00.448763,7175
2025-11-26T12:55:00.448766,1682
2025-11-26T12:55:00.448769,6205
2025-11-26T12:55:00.448772,2231
2025-11-26T12:55:00.448774,9215
2025-11-26T12:55:00.448777,1082
2025-11-26T12:55:00.448780,9708
2025-11-26T12:55:00.448783,9301
2025-11-26T12:55:00.448785,9302
2025-11-26T12:55:00.448788,5500
2025-11-26T12:55:00.448791,2102
2025-11-26T12:55:00.448794,6830
2025-11-26T12:55:00.448796,5893
2025-11-26T12:55:00.448799,7029
2025-11-26T12:55:00.448807,942
2025-11-26T12:55:00.448810,4812
2025-11-26T12:55:00.448813,9937
2025-11-26T12:55:00.448815,5219
2025-11-26T12:55:00.448818,5861
2025-11-26T12:55:00.448821,1797
2025-11-26T12:55:00.448824,9568
2025-11-26T12:55:00.448827,8413
2025-11-26T12:55:00.448829,3585
2025-11-26T12:55:00.448832,2635
2025-11-26T12:55:00.448835,8000
2025-11-26T12:55:00.448838,3774
2025-11-26T12:55:00.448840,1873